<?xml version="1.0" encoding="UTF-8"?>
<testsuite xmlns:xsi="http://www.w3.org/2001/XMLSchema-instance" xsi:noNamespaceSchemaLocation="https://maven.apache.org/surefire/maven-surefire-plugin/xsd/surefire-test-report-3.0.xsd" version="3.0" name="demo.quickStart.DAOUserTest" time="2.35" tests="3" errors="0" skipped="0" failures="2">
  <properties>
    <property name="java.specification.version" value="23"/>
    <property name="sun.cpu.isalist" value="amd64"/>
    <property name="sun.jnu.encoding" value="Cp1252"/>
    <property name="java.class.path" value="C:\java-project\demo\target\test-classes;C:\java-project\demo\target\classes;C:\Users\dell\.m2\repository\org\mongodb\mongodb-driver-sync\5.2.0\mongodb-driver-sync-5.2.0.jar;C:\Users\dell\.m2\repository\org\mongodb\bson\5.2.0\bson-5.2.0.jar;C:\Users\dell\.m2\repository\org\mongodb\mongodb-driver-core\5.2.0\mongodb-driver-core-5.2.0.jar;C:\Users\dell\.m2\repository\org\mongodb\bson-record-codec\5.2.0\bson-record-codec-5.2.0.jar;C:\Users\dell\.m2\repository\org\slf4j\slf4j-api\1.7.36\slf4j-api-1.7.36.jar;C:\Users\dell\.m2\repository\org\slf4j\slf4j-simple\1.7.36\slf4j-simple-1.7.36.jar;C:\Users\dell\.m2\repository\org\junit\jupiter\junit-jupiter\5.10.0\junit-jupiter-5.10.0.jar;C:\Users\dell\.m2\repository\org\junit\jupiter\junit-jupiter-api\5.10.0\junit-jupiter-api-5.10.0.jar;C:\Users\dell\.m2\repository\org\opentest4j\opentest4j\1.3.0\opentest4j-1.3.0.jar;C:\Users\dell\.m2\repository\org\junit\platform\junit-platform-commons\1.10.0\junit-platform-commons-1.10.0.jar;C:\Users\dell\.m2\repository\org\apiguardian\apiguardian-api\1.1.2\apiguardian-api-1.1.2.jar;C:\Users\dell\.m2\repository\org\junit\jupiter\junit-jupiter-params\5.10.0\junit-jupiter-params-5.10.0.jar;C:\Users\dell\.m2\repository\org\junit\jupiter\junit-jupiter-engine\5.10.0\junit-jupiter-engine-5.10.0.jar;C:\Users\dell\.m2\repository\org\junit\platform\junit-platform-engine\1.10.0\junit-platform-engine-1.10.0.jar;C:\Users\dell\.m2\repository\org\mockito\mockito-core\5.5.0\mockito-core-5.5.0.jar;C:\Users\dell\.m2\repository\net\bytebuddy\byte-buddy\1.14.6\byte-buddy-1.14.6.jar;C:\Users\dell\.m2\repository\net\bytebuddy\byte-buddy-agent\1.14.6\byte-buddy-agent-1.14.6.jar;C:\Users\dell\.m2\repository\org\objenesis\objenesis\3.3\objenesis-3.3.jar;C:\Users\dell\.m2\repository\de\flapdoodle\embed\de.flapdoodle.embed.mongo\4.18.1\de.flapdoodle.embed.mongo-4.18.1.jar;C:\Users\dell\.m2\repository\de\flapdoodle\embed\de.flapdoodle.embed.process\4.15.1\de.flapdoodle.embed.process-4.15.1.jar;C:\Users\dell\.m2\repository\de\flapdoodle\reverse\de.flapdoodle.reverse\1.8.1\de.flapdoodle.reverse-1.8.1.jar;C:\Users\dell\.m2\repository\de\flapdoodle\graph\de.flapdoodle.graph\1.3.3\de.flapdoodle.graph-1.3.3.jar;C:\Users\dell\.m2\repository\org\jgrapht\jgrapht-core\1.4.0\jgrapht-core-1.4.0.jar;C:\Users\dell\.m2\repository\org\jheaps\jheaps\0.11\jheaps-0.11.jar;C:\Users\dell\.m2\repository\de\flapdoodle\java8\de.flapdoodle.java8\1.7.0\de.flapdoodle.java8-1.7.0.jar;C:\Users\dell\.m2\repository\org\apache\commons\commons-lang3\3.16.0\commons-lang3-3.16.0.jar;C:\Users\dell\.m2\repository\org\apache\commons\commons-compress\1.27.1\commons-compress-1.27.1.jar;C:\Users\dell\.m2\repository\commons-codec\commons-codec\1.17.1\commons-codec-1.17.1.jar;C:\Users\dell\.m2\repository\commons-io\commons-io\2.16.1\commons-io-2.16.1.jar;C:\Users\dell\.m2\repository\net\java\dev\jna\jna\5.15.0\jna-5.15.0.jar;C:\Users\dell\.m2\repository\net\java\dev\jna\jna-platform\5.15.0\jna-platform-5.15.0.jar;C:\Users\dell\.m2\repository\de\flapdoodle\de.flapdoodle.os-api\1.7.0\de.flapdoodle.os-api-1.7.0.jar;C:\Users\dell\.m2\repository\de\flapdoodle\embed\de.flapdoodle.embed.mongo.packageresolver\4.18.2\de.flapdoodle.embed.mongo.packageresolver-4.18.2.jar;C:\Users\dell\.m2\repository\de\flapdoodle\de.flapdoodle.os\1.9.0\de.flapdoodle.os-1.9.0.jar;C:\Users\dell\.m2\repository\org\openjfx\javafx-controls\23.0.1\javafx-controls-23.0.1.jar;C:\Users\dell\.m2\repository\org\openjfx\javafx-controls\23.0.1\javafx-controls-23.0.1-win.jar;C:\Users\dell\.m2\repository\org\openjfx\javafx-fxml\23.0.1\javafx-fxml-23.0.1.jar;C:\Users\dell\.m2\repository\org\openjfx\javafx-fxml\23.0.1\javafx-fxml-23.0.1-win.jar;C:\Users\dell\.m2\repository\org\openjfx\javafx-graphics\23.0.1\javafx-graphics-23.0.1.jar;C:\Users\dell\.m2\repository\org\openjfx\javafx-graphics\23.0.1\javafx-graphics-23.0.1-win.jar;C:\Users\dell\.m2\repository\org\openjfx\javafx-base\23.0.1\javafx-base-23.0.1.jar;C:\Users\dell\.m2\repository\org\openjfx\javafx-base\23.0.1\javafx-base-23.0.1-win.jar;C:\Users\dell\.m2\repository\de\jensd\fontawesomefx\8.2\fontawesomefx-8.2.jar;"/>
    <property name="java.vm.vendor" value="Oracle Corporation"/>
    <property name="sun.arch.data.model" value="64"/>
    <property name="user.variant" value=""/>
    <property name="java.vendor.url" value="https://java.oracle.com/"/>
    <property name="user.timezone" value="Europe/Paris"/>
    <property name="os.name" value="Windows 10"/>
    <property name="java.vm.specification.version" value="23"/>
    <property name="sun.java.launcher" value="SUN_STANDARD"/>
    <property name="user.country" value="US"/>
    <property name="sun.boot.library.path" value="C:\Program Files (x86)\Java\jdk-23.0.1\bin"/>
    <property name="sun.java.command" value="C:\Users\dell\AppData\Local\Temp\surefire3039556323609780907\surefirebooter-20250107144509617_3.jar C:\Users\dell\AppData\Local\Temp\surefire3039556323609780907 2025-01-07T14-45-09_369-jvmRun1 surefire-20250107144509617_1tmp surefire_0-20250107144509617_2tmp"/>
    <property name="jdk.debug" value="release"/>
    <property name="surefire.test.class.path" value="C:\java-project\demo\target\test-classes;C:\java-project\demo\target\classes;C:\Users\dell\.m2\repository\org\mongodb\mongodb-driver-sync\5.2.0\mongodb-driver-sync-5.2.0.jar;C:\Users\dell\.m2\repository\org\mongodb\bson\5.2.0\bson-5.2.0.jar;C:\Users\dell\.m2\repository\org\mongodb\mongodb-driver-core\5.2.0\mongodb-driver-core-5.2.0.jar;C:\Users\dell\.m2\repository\org\mongodb\bson-record-codec\5.2.0\bson-record-codec-5.2.0.jar;C:\Users\dell\.m2\repository\org\slf4j\slf4j-api\1.7.36\slf4j-api-1.7.36.jar;C:\Users\dell\.m2\repository\org\slf4j\slf4j-simple\1.7.36\slf4j-simple-1.7.36.jar;C:\Users\dell\.m2\repository\org\junit\jupiter\junit-jupiter\5.10.0\junit-jupiter-5.10.0.jar;C:\Users\dell\.m2\repository\org\junit\jupiter\junit-jupiter-api\5.10.0\junit-jupiter-api-5.10.0.jar;C:\Users\dell\.m2\repository\org\opentest4j\opentest4j\1.3.0\opentest4j-1.3.0.jar;C:\Users\dell\.m2\repository\org\junit\platform\junit-platform-commons\1.10.0\junit-platform-commons-1.10.0.jar;C:\Users\dell\.m2\repository\org\apiguardian\apiguardian-api\1.1.2\apiguardian-api-1.1.2.jar;C:\Users\dell\.m2\repository\org\junit\jupiter\junit-jupiter-params\5.10.0\junit-jupiter-params-5.10.0.jar;C:\Users\dell\.m2\repository\org\junit\jupiter\junit-jupiter-engine\5.10.0\junit-jupiter-engine-5.10.0.jar;C:\Users\dell\.m2\repository\org\junit\platform\junit-platform-engine\1.10.0\junit-platform-engine-1.10.0.jar;C:\Users\dell\.m2\repository\org\mockito\mockito-core\5.5.0\mockito-core-5.5.0.jar;C:\Users\dell\.m2\repository\net\bytebuddy\byte-buddy\1.14.6\byte-buddy-1.14.6.jar;C:\Users\dell\.m2\repository\net\bytebuddy\byte-buddy-agent\1.14.6\byte-buddy-agent-1.14.6.jar;C:\Users\dell\.m2\repository\org\objenesis\objenesis\3.3\objenesis-3.3.jar;C:\Users\dell\.m2\repository\de\flapdoodle\embed\de.flapdoodle.embed.mongo\4.18.1\de.flapdoodle.embed.mongo-4.18.1.jar;C:\Users\dell\.m2\repository\de\flapdoodle\embed\de.flapdoodle.embed.process\4.15.1\de.flapdoodle.embed.process-4.15.1.jar;C:\Users\dell\.m2\repository\de\flapdoodle\reverse\de.flapdoodle.reverse\1.8.1\de.flapdoodle.reverse-1.8.1.jar;C:\Users\dell\.m2\repository\de\flapdoodle\graph\de.flapdoodle.graph\1.3.3\de.flapdoodle.graph-1.3.3.jar;C:\Users\dell\.m2\repository\org\jgrapht\jgrapht-core\1.4.0\jgrapht-core-1.4.0.jar;C:\Users\dell\.m2\repository\org\jheaps\jheaps\0.11\jheaps-0.11.jar;C:\Users\dell\.m2\repository\de\flapdoodle\java8\de.flapdoodle.java8\1.7.0\de.flapdoodle.java8-1.7.0.jar;C:\Users\dell\.m2\repository\org\apache\commons\commons-lang3\3.16.0\commons-lang3-3.16.0.jar;C:\Users\dell\.m2\repository\org\apache\commons\commons-compress\1.27.1\commons-compress-1.27.1.jar;C:\Users\dell\.m2\repository\commons-codec\commons-codec\1.17.1\commons-codec-1.17.1.jar;C:\Users\dell\.m2\repository\commons-io\commons-io\2.16.1\commons-io-2.16.1.jar;C:\Users\dell\.m2\repository\net\java\dev\jna\jna\5.15.0\jna-5.15.0.jar;C:\Users\dell\.m2\repository\net\java\dev\jna\jna-platform\5.15.0\jna-platform-5.15.0.jar;C:\Users\dell\.m2\repository\de\flapdoodle\de.flapdoodle.os-api\1.7.0\de.flapdoodle.os-api-1.7.0.jar;C:\Users\dell\.m2\repository\de\flapdoodle\embed\de.flapdoodle.embed.mongo.packageresolver\4.18.2\de.flapdoodle.embed.mongo.packageresolver-4.18.2.jar;C:\Users\dell\.m2\repository\de\flapdoodle\de.flapdoodle.os\1.9.0\de.flapdoodle.os-1.9.0.jar;C:\Users\dell\.m2\repository\org\openjfx\javafx-controls\23.0.1\javafx-controls-23.0.1.jar;C:\Users\dell\.m2\repository\org\openjfx\javafx-controls\23.0.1\javafx-controls-23.0.1-win.jar;C:\Users\dell\.m2\repository\org\openjfx\javafx-fxml\23.0.1\javafx-fxml-23.0.1.jar;C:\Users\dell\.m2\repository\org\openjfx\javafx-fxml\23.0.1\javafx-fxml-23.0.1-win.jar;C:\Users\dell\.m2\repository\org\openjfx\javafx-graphics\23.0.1\javafx-graphics-23.0.1.jar;C:\Users\dell\.m2\repository\org\openjfx\javafx-graphics\23.0.1\javafx-graphics-23.0.1-win.jar;C:\Users\dell\.m2\repository\org\openjfx\javafx-base\23.0.1\javafx-base-23.0.1.jar;C:\Users\dell\.m2\repository\org\openjfx\javafx-base\23.0.1\javafx-base-23.0.1-win.jar;C:\Users\dell\.m2\repository\de\jensd\fontawesomefx\8.2\fontawesomefx-8.2.jar;"/>
    <property name="sun.cpu.endian" value="little"/>
    <property name="user.home" value="C:\Users\dell"/>
    <property name="user.language" value="en"/>
    <property name="java.specification.vendor" value="Oracle Corporation"/>
    <property name="java.version.date" value="2024-10-15"/>
    <property name="java.home" value="C:\Program Files (x86)\Java\jdk-23.0.1"/>
    <property name="file.separator" value="\"/>
    <property name="basedir" value="C:\java-project\demo"/>
    <property name="java.vm.compressedOopsMode" value="Zero based"/>
    <property name="line.separator" value="&#10;"/>
    <property name="java.vm.specification.vendor" value="Oracle Corporation"/>
    <property name="java.specification.name" value="Java Platform API Specification"/>
    <property name="surefire.real.class.path" value="C:\Users\dell\AppData\Local\Temp\surefire3039556323609780907\surefirebooter-20250107144509617_3.jar"/>
    <property name="user.script" value=""/>
    <property name="sun.management.compiler" value="HotSpot 64-Bit Tiered Compilers"/>
    <property name="java.runtime.version" value="23.0.1+11-39"/>
    <property name="user.name" value="dell"/>
    <property name="stdout.encoding" value="Cp1252"/>
    <property name="path.separator" value=";"/>
    <property name="os.version" value="10.0"/>
    <property name="java.runtime.name" value="Java(TM) SE Runtime Environment"/>
    <property name="file.encoding" value="UTF-8"/>
    <property name="java.vm.name" value="Java HotSpot(TM) 64-Bit Server VM"/>
    <property name="localRepository" value="C:\Users\dell\.m2\repository"/>
    <property name="java.vendor.url.bug" value="https://bugreport.java.com/bugreport/"/>
    <property name="java.io.tmpdir" value="C:\Users\dell\AppData\Local\Temp\"/>
    <property name="java.version" value="23.0.1"/>
    <property name="user.dir" value="C:\java-project\demo"/>
    <property name="os.arch" value="amd64"/>
    <property name="java.vm.specification.name" value="Java Virtual Machine Specification"/>
    <property name="sun.os.patch.level" value=""/>
    <property name="native.encoding" value="Cp1252"/>
    <property name="java.library.path" value="C:\Program Files (x86)\Java\jdk-23.0.1\bin;C:\Windows\Sun\Java\bin;C:\Windows\system32;C:\Windows;C:\Program Files (x86)\Java\jdk-23.0.1\bin;%MAVEN_HOME%\bin;C:\Oracle_19c\bin;C:\Program Files (x86)\Common Files\Oracle\Java\java8path;C:\Program Files (x86)\Common Files\Oracle\Java\javapath;C:\Python312\Scripts\;C:\Python312\;C:\Windows\system32;C:\Windows;C:\Windows\System32\Wbem;C:\Windows\System32\WindowsPowerShell\v1.0\;C:\Windows\System32\OpenSSH\;C:\Program Files\nodejs\;C:\ProgramData\chocolatey\bin;C:\Program Files\dotnet\;C:\Program Files (x86)\Intel\Intel(R) Management Engine Components\DAL;C:\Program Files\Intel\Intel(R) Management Engine Components\DAL;C:\Program Files\Intel\WiFi\bin\;C:\Program Files\Common Files\Intel\WirelessCommon\;C:\Program Files\Git\cmd;C:\Program Files (x86)\Java\jdk-23.0.1\bin;C:\xampp\php;C:\ProgramData\ComposerSetup\bin;C:\Program Files\7-Zip;C:\Users\dell\AppData\Local\Microsoft\WindowsApps;C:\Users\dell\AppData\Local\Programs\Microsoft VS Code\bin;C:\Users\dell\AppData\Roaming\npm;C:\Program Files (x86)\Java\jre1.8.0_431\bin;C:\Users\dell\AppData\Roaming\Composer\vendor\bin;C:\apache-maven-3.9.9-bin\apache-maven-3.9.9\bin;C:\apache-maven-3.9.9-bin\apache-maven-3.9.9\bin;C:\Software\mongosh\bin;C:\Program Files\MongoDB\Server\8.0\bin;C:\Program Files (x86)\Yarn\bin\;C:\Users\dell\AppData\Local\Microsoft\WindowsApps;C:\Users\dell\AppData\Local\Programs\Microsoft VS Code\bin;C:\Users\dell\AppData\Roaming\npm;C:\Program Files (x86)\Java\jre1.8.0_431\bin;C:\Program Files (x86)\Java\jdk-23.0.1\bin;C:\Users\dell\AppData\Roaming\Composer\vendor\bin;C:\Program Files\7-Zip;C:\apache-maven-3.9.9-bin\apache-maven-3.9.9\bin;C:\Users\dell\Downloads\mongodb-windows-x86_64-8.0.3\mongodb-win32-x86_64-windows-8.0.3\bin;C:\Users\dell\AppData\Local\Yarn\bin;."/>
    <property name="java.vm.info" value="mixed mode, sharing"/>
    <property name="stderr.encoding" value="Cp1252"/>
    <property name="java.vendor" value="Oracle Corporation"/>
    <property name="java.vm.version" value="23.0.1+11-39"/>
    <property name="sun.io.unicode.encoding" value="UnicodeLittle"/>
    <property name="java.class.version" value="67.0"/>
  </properties>
  <testcase name="test_delete" classname="demo.quickStart.DAOUserTest" time="0.9">
    <system-out><![CDATA[ID: 6764387cc8a3a64d04cdaf1f, nom:karima, prenom:karima,Email: karim@gmail.com
ID: 6764398e9f22bd54425afc3f, nom:kaarim, prenom:karim,Email: karim@gmail.com
ID: 67643a7c6859ea3786aa94b2, nom:kaarim, prenom:karim,Email: karim@gmail.com
ID: 67643b9abc1c962da145eabf, nom:kaarim, prenom:karim,Email: karim@gmail.com
ID: 67643c72639e5f2eac0e7b72, nom:kaarim, prenom:karim,Email: karim@gmail.com
ID: 67643f37a38ffb6de928855f, nom:kaarim, prenom:karim,Email: karim@gmail.com
ID: 67643f6b5946b0043c231859, nom:kaarim, prenom:karim,Email: karim@gmail.com
ID: 67643fb6366e8875bb9e3e2d, nom:iiiiiiiiii, prenom:bbbbbb,Email: iiiiiii@gmail.com
ID: 67643fed2cda040f6b461e38, nom:kaarim, prenom:karim,Email: karim@gmail.com
ID: 676442f45719b261aa140c89, nom:kaarim, prenom:karim,Email: karim@gmail.com
ID: 676445bd8553bf63171365a0, nom:kaarim, prenom:karim,Email: karim@gmail.com
ID: 6764534d181f1530b7b87f02, nom:kaarim, prenom:karim,Email: karim@gmail.com
ID: 677d0a04fea28772ad301f08, nom:yoyo, prenom:yoyo,Email: yoyo@gmail.com
ID: 677d0a06fea28772ad301f0a, nom:kaarim, prenom:karim,Email: karim@gmail.com
ID: 677d0a07fea28772ad301f0c, nom:ali, prenom:ali,Email: ali@gmail.com
ID: 677d0a8bdd7467460ac28f41, nom:ali, prenom:ali,Email: ali@gmail.com
ID: 677d1ecc13d27b1813dea116, nom:yoyo, prenom:yoyo,Email: yoyo@gmail.com
ID: 677d1ecd13d27b1813dea118, nom:kaarim, prenom:karim,Email: karim@gmail.com
ID: 677d1ece13d27b1813dea11a, nom:ali, prenom:ali,Email: ali@gmail.com
ID: 677d21bbd38f133b4e13d4ed, nom:yoyo, prenom:yoyo,Email: yoyo@gmail.com
ID: 677d21bcd38f133b4e13d4ef, nom:kaarim, prenom:karim,Email: karim@gmail.com
ID: 677d21bdd38f133b4e13d4f1, nom:ali, prenom:ali,Email: ali@gmail.com
ID: 677d2be86a30a35b0f47844b, nom:yoyo, prenom:yoyo,Email: yoyo@gmail.com
ID: 677d2be96a30a35b0f47844d, nom:kaarim, prenom:karim,Email: karim@gmail.com
ID: 677d2bea6a30a35b0f47844f, nom:ali, prenom:ali,Email: ali@gmail.com
ID: 677d2ff3e4620f5616073a6c, nom:yoyo, prenom:yoyo,Email: yoyo@gmail.com
]]></system-out>
    <system-err><![CDATA[[main] INFO org.mongodb.driver.client - MongoClient with metadata {"application": {"name": "Cluster0"}, "driver": {"name": "mongo-java-driver|sync", "version": "5.2.0"}, "os": {"type": "Windows", "name": "Windows 10", "architecture": "amd64", "version": "10.0"}, "platform": "Java/Oracle Corporation/23.0.1+11-39"} created with settings MongoClientSettings{readPreference=primary, writeConcern=WriteConcern{w=majority, wTimeout=null ms, journal=null}, retryWrites=true, retryReads=true, readConcern=ReadConcern{level=null}, credential=MongoCredential{mechanism=null, userName='rachidaarag', source='admin', password=<hidden>, mechanismProperties=<hidden>}, transportSettings=null, commandListeners=[], codecRegistry=ProvidersCodecRegistry{codecProviders=[ValueCodecProvider{}, BsonValueCodecProvider{}, DBRefCodecProvider{}, DBObjectCodecProvider{}, DocumentCodecProvider{}, CollectionCodecProvider{}, IterableCodecProvider{}, MapCodecProvider{}, GeoJsonCodecProvider{}, GridFSFileCodecProvider{}, Jsr310CodecProvider{}, JsonObjectCodecProvider{}, BsonCodecProvider{}, EnumCodecProvider{}, com.mongodb.client.model.mql.ExpressionCodecProvider@58594a11, com.mongodb.Jep395RecordCodecProvider@2a3888c1, com.mongodb.KotlinCodecProvider@4167d97b]}, loggerSettings=LoggerSettings{maxDocumentLength=1000}, clusterSettings={hosts=[127.0.0.1:27017], srvHost=cluster0.k7ehw.mongodb.net, srvServiceName=mongodb, mode=MULTIPLE, requiredClusterType=REPLICA_SET, requiredReplicaSetName='atlas-sxx3co-shard-0', serverSelector='null', clusterListeners='[]', serverSelectionTimeout='30000 ms', localThreshold='15 ms'}, socketSettings=SocketSettings{connectTimeoutMS=10000, readTimeoutMS=0, receiveBufferSize=0, proxySettings=ProxySettings{host=null, port=null, username=null, password=null}}, heartbeatSocketSettings=SocketSettings{connectTimeoutMS=10000, readTimeoutMS=10000, receiveBufferSize=0, proxySettings=ProxySettings{host=null, port=null, username=null, password=null}}, connectionPoolSettings=ConnectionPoolSettings{maxSize=100, minSize=0, maxWaitTimeMS=120000, maxConnectionLifeTimeMS=0, maxConnectionIdleTimeMS=0, maintenanceInitialDelayMS=0, maintenanceFrequencyMS=60000, connectionPoolListeners=[], maxConnecting=2}, serverSettings=ServerSettings{heartbeatFrequencyMS=10000, minHeartbeatFrequencyMS=500, serverMonitoringMode=AUTO, serverListeners='[]', serverMonitorListeners='[]'}, sslSettings=SslSettings{enabled=true, invalidHostNameAllowed=false, context=null}, applicationName='Cluster0', compressorList=[], uuidRepresentation=UNSPECIFIED, serverApi=null, autoEncryptionSettings=null, dnsClient=null, inetAddressResolver=null, contextProvider=null, timeoutMS=null}
[main] INFO org.mongodb.driver.cluster - Waiting for server to become available for operation with ID 210. Remaining time: 29999 ms. Selector: WritableServerSelector, topology description: {type=UNKNOWN, servers=[].
[cluster-ClusterId{value='677d2ff2e4620f5616073a6b', description='Cluster0'}-srv-cluster0.k7ehw.mongodb.net] INFO org.mongodb.driver.cluster - Adding discovered server cluster0-shard-00-01.k7ehw.mongodb.net:27017 to client view of cluster
[cluster-ClusterId{value='677d2ff2e4620f5616073a6b', description='Cluster0'}-srv-cluster0.k7ehw.mongodb.net] INFO org.mongodb.driver.cluster - Adding discovered server cluster0-shard-00-02.k7ehw.mongodb.net:27017 to client view of cluster
[cluster-ClusterId{value='677d2ff2e4620f5616073a6b', description='Cluster0'}-srv-cluster0.k7ehw.mongodb.net] INFO org.mongodb.driver.cluster - Adding discovered server cluster0-shard-00-00.k7ehw.mongodb.net:27017 to client view of cluster
[cluster-ClusterId{value='677d2ff2e4620f5616073a6b', description='Cluster0'}-cluster0-shard-00-01.k7ehw.mongodb.net:27017] INFO org.mongodb.driver.cluster - Monitor thread successfully connected to server with description ServerDescription{address=cluster0-shard-00-01.k7ehw.mongodb.net:27017, type=REPLICA_SET_SECONDARY, cryptd=false, state=CONNECTED, ok=true, minWireVersion=0, maxWireVersion=25, maxDocumentSize=16777216, logicalSessionTimeoutMinutes=30, roundTripTimeNanos=103659800, minRoundTripTimeNanos=0, setName='atlas-sxx3co-shard-0', canonicalAddress=cluster0-shard-00-01.k7ehw.mongodb.net:27017, hosts=[cluster0-shard-00-01.k7ehw.mongodb.net:27017, cluster0-shard-00-02.k7ehw.mongodb.net:27017, cluster0-shard-00-00.k7ehw.mongodb.net:27017], passives=[], arbiters=[], primary='cluster0-shard-00-02.k7ehw.mongodb.net:27017', tagSet=TagSet{[Tag{name='availabilityZone', value='euw3-az2'}, Tag{name='diskState', value='READY'}, Tag{name='nodeType', value='ELECTABLE'}, Tag{name='provider', value='AWS'}, Tag{name='region', value='EU_WEST_3'}, Tag{name='workloadType', value='OPERATIONAL'}]}, electionId=null, setVersion=16, topologyVersion=TopologyVersion{processId=6765de5bbc950d7c4ce68e94, counter=3}, lastWriteDate=Tue Jan 07 14:45:21 CET 2025, lastUpdateTimeNanos=10858840352900}
[cluster-ClusterId{value='677d2ff2e4620f5616073a6b', description='Cluster0'}-cluster0-shard-00-02.k7ehw.mongodb.net:27017] INFO org.mongodb.driver.cluster - Monitor thread successfully connected to server with description ServerDescription{address=cluster0-shard-00-02.k7ehw.mongodb.net:27017, type=REPLICA_SET_PRIMARY, cryptd=false, state=CONNECTED, ok=true, minWireVersion=0, maxWireVersion=25, maxDocumentSize=16777216, logicalSessionTimeoutMinutes=30, roundTripTimeNanos=102765700, minRoundTripTimeNanos=0, setName='atlas-sxx3co-shard-0', canonicalAddress=cluster0-shard-00-02.k7ehw.mongodb.net:27017, hosts=[cluster0-shard-00-01.k7ehw.mongodb.net:27017, cluster0-shard-00-02.k7ehw.mongodb.net:27017, cluster0-shard-00-00.k7ehw.mongodb.net:27017], passives=[], arbiters=[], primary='cluster0-shard-00-02.k7ehw.mongodb.net:27017', tagSet=TagSet{[Tag{name='availabilityZone', value='euw3-az3'}, Tag{name='diskState', value='READY'}, Tag{name='nodeType', value='ELECTABLE'}, Tag{name='provider', value='AWS'}, Tag{name='region', value='EU_WEST_3'}, Tag{name='workloadType', value='OPERATIONAL'}]}, electionId=7fffffff0000000000000027, setVersion=16, topologyVersion=TopologyVersion{processId=6765dc7784f821ce36e13bfa, counter=6}, lastWriteDate=Tue Jan 07 14:45:21 CET 2025, lastUpdateTimeNanos=10858842096900}
[cluster-ClusterId{value='677d2ff2e4620f5616073a6b', description='Cluster0'}-cluster0-shard-00-02.k7ehw.mongodb.net:27017] INFO org.mongodb.driver.cluster - Discovered replica set primary cluster0-shard-00-02.k7ehw.mongodb.net:27017 with max election id 7fffffff0000000000000027 and max set version 16
[cluster-ClusterId{value='677d2ff2e4620f5616073a6b', description='Cluster0'}-cluster0-shard-00-00.k7ehw.mongodb.net:27017] INFO org.mongodb.driver.cluster - Monitor thread successfully connected to server with description ServerDescription{address=cluster0-shard-00-00.k7ehw.mongodb.net:27017, type=REPLICA_SET_SECONDARY, cryptd=false, state=CONNECTED, ok=true, minWireVersion=0, maxWireVersion=25, maxDocumentSize=16777216, logicalSessionTimeoutMinutes=30, roundTripTimeNanos=98062300, minRoundTripTimeNanos=0, setName='atlas-sxx3co-shard-0', canonicalAddress=cluster0-shard-00-00.k7ehw.mongodb.net:27017, hosts=[cluster0-shard-00-01.k7ehw.mongodb.net:27017, cluster0-shard-00-02.k7ehw.mongodb.net:27017, cluster0-shard-00-00.k7ehw.mongodb.net:27017], passives=[], arbiters=[], primary='cluster0-shard-00-02.k7ehw.mongodb.net:27017', tagSet=TagSet{[Tag{name='availabilityZone', value='euw3-az1'}, Tag{name='diskState', value='READY'}, Tag{name='nodeType', value='ELECTABLE'}, Tag{name='provider', value='AWS'}, Tag{name='region', value='EU_WEST_3'}, Tag{name='workloadType', value='OPERATIONAL'}]}, electionId=null, setVersion=16, topologyVersion=TopologyVersion{processId=6765dd751935ea2e5b74de30, counter=4}, lastWriteDate=Tue Jan 07 14:45:21 CET 2025, lastUpdateTimeNanos=10858846394000}
]]></system-err>
  </testcase>
  <testcase name="test_update" classname="demo.quickStart.DAOUserTest" time="0.831">
    <failure message="error f la mise a jour dyal objet ==&gt; expected: not &lt;null&gt;" type="org.opentest4j.AssertionFailedError"><![CDATA[org.opentest4j.AssertionFailedError: error f la mise a jour dyal objet ==> expected: not <null>
	at org.junit.jupiter.api.AssertionFailureBuilder.build(AssertionFailureBuilder.java:152)
	at org.junit.jupiter.api.AssertionFailureBuilder.buildAndThrow(AssertionFailureBuilder.java:132)
	at org.junit.jupiter.api.AssertNotNull.failNull(AssertNotNull.java:49)
	at org.junit.jupiter.api.AssertNotNull.assertNotNull(AssertNotNull.java:35)
	at org.junit.jupiter.api.Assertions.assertNotNull(Assertions.java:308)
	at demo.quickStart.DAOUserTest.test_update(DAOUserTest.java:98)
	at java.base/java.lang.reflect.Method.invoke(Method.java:580)
	at java.base/java.util.ArrayList.forEach(ArrayList.java:1597)
	at java.base/java.util.ArrayList.forEach(ArrayList.java:1597)
]]></failure>
    <system-out><![CDATA[ID: 6764398e9f22bd54425afc3f, nom:kaarim, prenom:karim,Email: karim@gmail.com
ID: 67643a7c6859ea3786aa94b2, nom:kaarim, prenom:karim,Email: karim@gmail.com
ID: 67643b9abc1c962da145eabf, nom:kaarim, prenom:karim,Email: karim@gmail.com
ID: 67643c72639e5f2eac0e7b72, nom:kaarim, prenom:karim,Email: karim@gmail.com
ID: 67643f37a38ffb6de928855f, nom:kaarim, prenom:karim,Email: karim@gmail.com
ID: 67643f6b5946b0043c231859, nom:kaarim, prenom:karim,Email: karim@gmail.com
ID: 67643fb6366e8875bb9e3e2d, nom:iiiiiiiiii, prenom:bbbbbb,Email: iiiiiii@gmail.com
ID: 67643fed2cda040f6b461e38, nom:kaarim, prenom:karim,Email: karim@gmail.com
ID: 676442f45719b261aa140c89, nom:kaarim, prenom:karim,Email: karim@gmail.com
ID: 676445bd8553bf63171365a0, nom:kaarim, prenom:karim,Email: karim@gmail.com
ID: 6764534d181f1530b7b87f02, nom:kaarim, prenom:karim,Email: karim@gmail.com
ID: 677d0a04fea28772ad301f08, nom:yoyo, prenom:yoyo,Email: yoyo@gmail.com
ID: 677d0a06fea28772ad301f0a, nom:kaarim, prenom:karim,Email: karim@gmail.com
ID: 677d0a07fea28772ad301f0c, nom:ali, prenom:ali,Email: ali@gmail.com
ID: 677d0a8bdd7467460ac28f41, nom:ali, prenom:ali,Email: ali@gmail.com
ID: 677d1ecc13d27b1813dea116, nom:yoyo, prenom:yoyo,Email: yoyo@gmail.com
ID: 677d1ecd13d27b1813dea118, nom:kaarim, prenom:karim,Email: karim@gmail.com
ID: 677d1ece13d27b1813dea11a, nom:ali, prenom:ali,Email: ali@gmail.com
ID: 677d21bbd38f133b4e13d4ed, nom:yoyo, prenom:yoyo,Email: yoyo@gmail.com
ID: 677d21bcd38f133b4e13d4ef, nom:kaarim, prenom:karim,Email: karim@gmail.com
ID: 677d21bdd38f133b4e13d4f1, nom:ali, prenom:ali,Email: ali@gmail.com
ID: 677d2be86a30a35b0f47844b, nom:yoyo, prenom:yoyo,Email: yoyo@gmail.com
ID: 677d2be96a30a35b0f47844d, nom:kaarim, prenom:karim,Email: karim@gmail.com
ID: 677d2bea6a30a35b0f47844f, nom:ali, prenom:ali,Email: ali@gmail.com
ID: 677d2ff3e4620f5616073a6c, nom:yoyo, prenom:yoyo,Email: yoyo@gmail.com
ID: 677d2ff4e4620f5616073a6e, nom:kaarim, prenom:karim,Email: karim@gmail.com
]]></system-out>
    <system-err><![CDATA[[main] INFO org.mongodb.driver.client - MongoClient with metadata {"application": {"name": "Cluster0"}, "driver": {"name": "mongo-java-driver|sync", "version": "5.2.0"}, "os": {"type": "Windows", "name": "Windows 10", "architecture": "amd64", "version": "10.0"}, "platform": "Java/Oracle Corporation/23.0.1+11-39"} created with settings MongoClientSettings{readPreference=primary, writeConcern=WriteConcern{w=majority, wTimeout=null ms, journal=null}, retryWrites=true, retryReads=true, readConcern=ReadConcern{level=null}, credential=MongoCredential{mechanism=null, userName='rachidaarag', source='admin', password=<hidden>, mechanismProperties=<hidden>}, transportSettings=null, commandListeners=[], codecRegistry=ProvidersCodecRegistry{codecProviders=[ValueCodecProvider{}, BsonValueCodecProvider{}, DBRefCodecProvider{}, DBObjectCodecProvider{}, DocumentCodecProvider{}, CollectionCodecProvider{}, IterableCodecProvider{}, MapCodecProvider{}, GeoJsonCodecProvider{}, GridFSFileCodecProvider{}, Jsr310CodecProvider{}, JsonObjectCodecProvider{}, BsonCodecProvider{}, EnumCodecProvider{}, com.mongodb.client.model.mql.ExpressionCodecProvider@58594a11, com.mongodb.Jep395RecordCodecProvider@2a3888c1, com.mongodb.KotlinCodecProvider@4167d97b]}, loggerSettings=LoggerSettings{maxDocumentLength=1000}, clusterSettings={hosts=[127.0.0.1:27017], srvHost=cluster0.k7ehw.mongodb.net, srvServiceName=mongodb, mode=MULTIPLE, requiredClusterType=REPLICA_SET, requiredReplicaSetName='atlas-sxx3co-shard-0', serverSelector='null', clusterListeners='[]', serverSelectionTimeout='30000 ms', localThreshold='15 ms'}, socketSettings=SocketSettings{connectTimeoutMS=10000, readTimeoutMS=0, receiveBufferSize=0, proxySettings=ProxySettings{host=null, port=null, username=null, password=null}}, heartbeatSocketSettings=SocketSettings{connectTimeoutMS=10000, readTimeoutMS=10000, receiveBufferSize=0, proxySettings=ProxySettings{host=null, port=null, username=null, password=null}}, connectionPoolSettings=ConnectionPoolSettings{maxSize=100, minSize=0, maxWaitTimeMS=120000, maxConnectionLifeTimeMS=0, maxConnectionIdleTimeMS=0, maintenanceInitialDelayMS=0, maintenanceFrequencyMS=60000, connectionPoolListeners=[], maxConnecting=2}, serverSettings=ServerSettings{heartbeatFrequencyMS=10000, minHeartbeatFrequencyMS=500, serverMonitoringMode=AUTO, serverListeners='[]', serverMonitorListeners='[]'}, sslSettings=SslSettings{enabled=true, invalidHostNameAllowed=false, context=null}, applicationName='Cluster0', compressorList=[], uuidRepresentation=UNSPECIFIED, serverApi=null, autoEncryptionSettings=null, dnsClient=null, inetAddressResolver=null, contextProvider=null, timeoutMS=null}
[main] INFO org.mongodb.driver.cluster - Waiting for server to become available for operation with ID 233. Remaining time: 29999 ms. Selector: WritableServerSelector, topology description: {type=UNKNOWN, servers=[].
[cluster-ClusterId{value='677d2ff3e4620f5616073a6d', description='Cluster0'}-srv-cluster0.k7ehw.mongodb.net] INFO org.mongodb.driver.cluster - Adding discovered server cluster0-shard-00-01.k7ehw.mongodb.net:27017 to client view of cluster
[cluster-ClusterId{value='677d2ff3e4620f5616073a6d', description='Cluster0'}-srv-cluster0.k7ehw.mongodb.net] INFO org.mongodb.driver.cluster - Adding discovered server cluster0-shard-00-02.k7ehw.mongodb.net:27017 to client view of cluster
[cluster-ClusterId{value='677d2ff3e4620f5616073a6d', description='Cluster0'}-srv-cluster0.k7ehw.mongodb.net] INFO org.mongodb.driver.cluster - Adding discovered server cluster0-shard-00-00.k7ehw.mongodb.net:27017 to client view of cluster
[cluster-ClusterId{value='677d2ff3e4620f5616073a6d', description='Cluster0'}-cluster0-shard-00-01.k7ehw.mongodb.net:27017] INFO org.mongodb.driver.cluster - Monitor thread successfully connected to server with description ServerDescription{address=cluster0-shard-00-01.k7ehw.mongodb.net:27017, type=REPLICA_SET_SECONDARY, cryptd=false, state=CONNECTED, ok=true, minWireVersion=0, maxWireVersion=25, maxDocumentSize=16777216, logicalSessionTimeoutMinutes=30, roundTripTimeNanos=91927600, minRoundTripTimeNanos=0, setName='atlas-sxx3co-shard-0', canonicalAddress=cluster0-shard-00-01.k7ehw.mongodb.net:27017, hosts=[cluster0-shard-00-01.k7ehw.mongodb.net:27017, cluster0-shard-00-02.k7ehw.mongodb.net:27017, cluster0-shard-00-00.k7ehw.mongodb.net:27017], passives=[], arbiters=[], primary='cluster0-shard-00-02.k7ehw.mongodb.net:27017', tagSet=TagSet{[Tag{name='availabilityZone', value='euw3-az2'}, Tag{name='diskState', value='READY'}, Tag{name='nodeType', value='ELECTABLE'}, Tag{name='provider', value='AWS'}, Tag{name='region', value='EU_WEST_3'}, Tag{name='workloadType', value='OPERATIONAL'}]}, electionId=null, setVersion=16, topologyVersion=TopologyVersion{processId=6765de5bbc950d7c4ce68e94, counter=3}, lastWriteDate=Tue Jan 07 14:45:22 CET 2025, lastUpdateTimeNanos=10859733487500}
[cluster-ClusterId{value='677d2ff3e4620f5616073a6d', description='Cluster0'}-cluster0-shard-00-00.k7ehw.mongodb.net:27017] INFO org.mongodb.driver.cluster - Monitor thread successfully connected to server with description ServerDescription{address=cluster0-shard-00-00.k7ehw.mongodb.net:27017, type=REPLICA_SET_SECONDARY, cryptd=false, state=CONNECTED, ok=true, minWireVersion=0, maxWireVersion=25, maxDocumentSize=16777216, logicalSessionTimeoutMinutes=30, roundTripTimeNanos=93621700, minRoundTripTimeNanos=0, setName='atlas-sxx3co-shard-0', canonicalAddress=cluster0-shard-00-00.k7ehw.mongodb.net:27017, hosts=[cluster0-shard-00-01.k7ehw.mongodb.net:27017, cluster0-shard-00-02.k7ehw.mongodb.net:27017, cluster0-shard-00-00.k7ehw.mongodb.net:27017], passives=[], arbiters=[], primary='cluster0-shard-00-02.k7ehw.mongodb.net:27017', tagSet=TagSet{[Tag{name='availabilityZone', value='euw3-az1'}, Tag{name='diskState', value='READY'}, Tag{name='nodeType', value='ELECTABLE'}, Tag{name='provider', value='AWS'}, Tag{name='region', value='EU_WEST_3'}, Tag{name='workloadType', value='OPERATIONAL'}]}, electionId=null, setVersion=16, topologyVersion=TopologyVersion{processId=6765dd751935ea2e5b74de30, counter=4}, lastWriteDate=Tue Jan 07 14:45:22 CET 2025, lastUpdateTimeNanos=10859736070100}
[cluster-ClusterId{value='677d2ff3e4620f5616073a6d', description='Cluster0'}-cluster0-shard-00-02.k7ehw.mongodb.net:27017] INFO org.mongodb.driver.cluster - Monitor thread successfully connected to server with description ServerDescription{address=cluster0-shard-00-02.k7ehw.mongodb.net:27017, type=REPLICA_SET_PRIMARY, cryptd=false, state=CONNECTED, ok=true, minWireVersion=0, maxWireVersion=25, maxDocumentSize=16777216, logicalSessionTimeoutMinutes=30, roundTripTimeNanos=96500600, minRoundTripTimeNanos=0, setName='atlas-sxx3co-shard-0', canonicalAddress=cluster0-shard-00-02.k7ehw.mongodb.net:27017, hosts=[cluster0-shard-00-01.k7ehw.mongodb.net:27017, cluster0-shard-00-02.k7ehw.mongodb.net:27017, cluster0-shard-00-00.k7ehw.mongodb.net:27017], passives=[], arbiters=[], primary='cluster0-shard-00-02.k7ehw.mongodb.net:27017', tagSet=TagSet{[Tag{name='availabilityZone', value='euw3-az3'}, Tag{name='diskState', value='READY'}, Tag{name='nodeType', value='ELECTABLE'}, Tag{name='provider', value='AWS'}, Tag{name='region', value='EU_WEST_3'}, Tag{name='workloadType', value='OPERATIONAL'}]}, electionId=7fffffff0000000000000027, setVersion=16, topologyVersion=TopologyVersion{processId=6765dc7784f821ce36e13bfa, counter=6}, lastWriteDate=Tue Jan 07 14:45:22 CET 2025, lastUpdateTimeNanos=10859740246100}
[cluster-ClusterId{value='677d2ff3e4620f5616073a6d', description='Cluster0'}-cluster0-shard-00-02.k7ehw.mongodb.net:27017] INFO org.mongodb.driver.cluster - Discovered replica set primary cluster0-shard-00-02.k7ehw.mongodb.net:27017 with max election id 7fffffff0000000000000027 and max set version 16
]]></system-err>
  </testcase>
  <testcase name="testInsert" classname="demo.quickStart.DAOUserTest" time="0.616">
    <failure message="error f l&apos;insertion dyal objet ==&gt; expected: not &lt;null&gt;" type="org.opentest4j.AssertionFailedError"><![CDATA[org.opentest4j.AssertionFailedError: error f l'insertion dyal objet ==> expected: not <null>
	at org.junit.jupiter.api.AssertionFailureBuilder.build(AssertionFailureBuilder.java:152)
	at org.junit.jupiter.api.AssertionFailureBuilder.buildAndThrow(AssertionFailureBuilder.java:132)
	at org.junit.jupiter.api.AssertNotNull.failNull(AssertNotNull.java:49)
	at org.junit.jupiter.api.AssertNotNull.assertNotNull(AssertNotNull.java:35)
	at org.junit.jupiter.api.Assertions.assertNotNull(Assertions.java:308)
	at demo.quickStart.DAOUserTest.testInsert(DAOUserTest.java:60)
	at java.base/java.lang.reflect.Method.invoke(Method.java:580)
	at java.base/java.util.ArrayList.forEach(ArrayList.java:1597)
	at java.base/java.util.ArrayList.forEach(ArrayList.java:1597)
]]></failure>
    <system-err><![CDATA[[main] INFO org.mongodb.driver.client - MongoClient with metadata {"application": {"name": "Cluster0"}, "driver": {"name": "mongo-java-driver|sync", "version": "5.2.0"}, "os": {"type": "Windows", "name": "Windows 10", "architecture": "amd64", "version": "10.0"}, "platform": "Java/Oracle Corporation/23.0.1+11-39"} created with settings MongoClientSettings{readPreference=primary, writeConcern=WriteConcern{w=majority, wTimeout=null ms, journal=null}, retryWrites=true, retryReads=true, readConcern=ReadConcern{level=null}, credential=MongoCredential{mechanism=null, userName='rachidaarag', source='admin', password=<hidden>, mechanismProperties=<hidden>}, transportSettings=null, commandListeners=[], codecRegistry=ProvidersCodecRegistry{codecProviders=[ValueCodecProvider{}, BsonValueCodecProvider{}, DBRefCodecProvider{}, DBObjectCodecProvider{}, DocumentCodecProvider{}, CollectionCodecProvider{}, IterableCodecProvider{}, MapCodecProvider{}, GeoJsonCodecProvider{}, GridFSFileCodecProvider{}, Jsr310CodecProvider{}, JsonObjectCodecProvider{}, BsonCodecProvider{}, EnumCodecProvider{}, com.mongodb.client.model.mql.ExpressionCodecProvider@58594a11, com.mongodb.Jep395RecordCodecProvider@2a3888c1, com.mongodb.KotlinCodecProvider@4167d97b]}, loggerSettings=LoggerSettings{maxDocumentLength=1000}, clusterSettings={hosts=[127.0.0.1:27017], srvHost=cluster0.k7ehw.mongodb.net, srvServiceName=mongodb, mode=MULTIPLE, requiredClusterType=REPLICA_SET, requiredReplicaSetName='atlas-sxx3co-shard-0', serverSelector='null', clusterListeners='[]', serverSelectionTimeout='30000 ms', localThreshold='15 ms'}, socketSettings=SocketSettings{connectTimeoutMS=10000, readTimeoutMS=0, receiveBufferSize=0, proxySettings=ProxySettings{host=null, port=null, username=null, password=null}}, heartbeatSocketSettings=SocketSettings{connectTimeoutMS=10000, readTimeoutMS=10000, receiveBufferSize=0, proxySettings=ProxySettings{host=null, port=null, username=null, password=null}}, connectionPoolSettings=ConnectionPoolSettings{maxSize=100, minSize=0, maxWaitTimeMS=120000, maxConnectionLifeTimeMS=0, maxConnectionIdleTimeMS=0, maintenanceInitialDelayMS=0, maintenanceFrequencyMS=60000, connectionPoolListeners=[], maxConnecting=2}, serverSettings=ServerSettings{heartbeatFrequencyMS=10000, minHeartbeatFrequencyMS=500, serverMonitoringMode=AUTO, serverListeners='[]', serverMonitorListeners='[]'}, sslSettings=SslSettings{enabled=true, invalidHostNameAllowed=false, context=null}, applicationName='Cluster0', compressorList=[], uuidRepresentation=UNSPECIFIED, serverApi=null, autoEncryptionSettings=null, dnsClient=null, inetAddressResolver=null, contextProvider=null, timeoutMS=null}
[main] INFO org.mongodb.driver.cluster - Waiting for server to become available for operation with ID 256. Remaining time: 29999 ms. Selector: WritableServerSelector, topology description: {type=UNKNOWN, servers=[].
[cluster-ClusterId{value='677d2ff4e4620f5616073a6f', description='Cluster0'}-srv-cluster0.k7ehw.mongodb.net] INFO org.mongodb.driver.cluster - Adding discovered server cluster0-shard-00-01.k7ehw.mongodb.net:27017 to client view of cluster
[cluster-ClusterId{value='677d2ff4e4620f5616073a6f', description='Cluster0'}-srv-cluster0.k7ehw.mongodb.net] INFO org.mongodb.driver.cluster - Adding discovered server cluster0-shard-00-02.k7ehw.mongodb.net:27017 to client view of cluster
[cluster-ClusterId{value='677d2ff4e4620f5616073a6f', description='Cluster0'}-srv-cluster0.k7ehw.mongodb.net] INFO org.mongodb.driver.cluster - Adding discovered server cluster0-shard-00-00.k7ehw.mongodb.net:27017 to client view of cluster
[cluster-ClusterId{value='677d2ff4e4620f5616073a6f', description='Cluster0'}-cluster0-shard-00-00.k7ehw.mongodb.net:27017] INFO org.mongodb.driver.cluster - Monitor thread successfully connected to server with description ServerDescription{address=cluster0-shard-00-00.k7ehw.mongodb.net:27017, type=REPLICA_SET_SECONDARY, cryptd=false, state=CONNECTED, ok=true, minWireVersion=0, maxWireVersion=25, maxDocumentSize=16777216, logicalSessionTimeoutMinutes=30, roundTripTimeNanos=85135300, minRoundTripTimeNanos=0, setName='atlas-sxx3co-shard-0', canonicalAddress=cluster0-shard-00-00.k7ehw.mongodb.net:27017, hosts=[cluster0-shard-00-01.k7ehw.mongodb.net:27017, cluster0-shard-00-02.k7ehw.mongodb.net:27017, cluster0-shard-00-00.k7ehw.mongodb.net:27017], passives=[], arbiters=[], primary='cluster0-shard-00-02.k7ehw.mongodb.net:27017', tagSet=TagSet{[Tag{name='availabilityZone', value='euw3-az1'}, Tag{name='diskState', value='READY'}, Tag{name='nodeType', value='ELECTABLE'}, Tag{name='provider', value='AWS'}, Tag{name='region', value='EU_WEST_3'}, Tag{name='workloadType', value='OPERATIONAL'}]}, electionId=null, setVersion=16, topologyVersion=TopologyVersion{processId=6765dd751935ea2e5b74de30, counter=4}, lastWriteDate=Tue Jan 07 14:45:23 CET 2025, lastUpdateTimeNanos=10860543899900}
[cluster-ClusterId{value='677d2ff4e4620f5616073a6f', description='Cluster0'}-cluster0-shard-00-01.k7ehw.mongodb.net:27017] INFO org.mongodb.driver.cluster - Monitor thread successfully connected to server with description ServerDescription{address=cluster0-shard-00-01.k7ehw.mongodb.net:27017, type=REPLICA_SET_SECONDARY, cryptd=false, state=CONNECTED, ok=true, minWireVersion=0, maxWireVersion=25, maxDocumentSize=16777216, logicalSessionTimeoutMinutes=30, roundTripTimeNanos=97190800, minRoundTripTimeNanos=0, setName='atlas-sxx3co-shard-0', canonicalAddress=cluster0-shard-00-01.k7ehw.mongodb.net:27017, hosts=[cluster0-shard-00-01.k7ehw.mongodb.net:27017, cluster0-shard-00-02.k7ehw.mongodb.net:27017, cluster0-shard-00-00.k7ehw.mongodb.net:27017], passives=[], arbiters=[], primary='cluster0-shard-00-02.k7ehw.mongodb.net:27017', tagSet=TagSet{[Tag{name='availabilityZone', value='euw3-az2'}, Tag{name='diskState', value='READY'}, Tag{name='nodeType', value='ELECTABLE'}, Tag{name='provider', value='AWS'}, Tag{name='region', value='EU_WEST_3'}, Tag{name='workloadType', value='OPERATIONAL'}]}, electionId=null, setVersion=16, topologyVersion=TopologyVersion{processId=6765de5bbc950d7c4ce68e94, counter=3}, lastWriteDate=Tue Jan 07 14:45:23 CET 2025, lastUpdateTimeNanos=10860561535600}
[cluster-ClusterId{value='677d2ff4e4620f5616073a6f', description='Cluster0'}-cluster0-shard-00-02.k7ehw.mongodb.net:27017] INFO org.mongodb.driver.cluster - Monitor thread successfully connected to server with description ServerDescription{address=cluster0-shard-00-02.k7ehw.mongodb.net:27017, type=REPLICA_SET_PRIMARY, cryptd=false, state=CONNECTED, ok=true, minWireVersion=0, maxWireVersion=25, maxDocumentSize=16777216, logicalSessionTimeoutMinutes=30, roundTripTimeNanos=98219400, minRoundTripTimeNanos=0, setName='atlas-sxx3co-shard-0', canonicalAddress=cluster0-shard-00-02.k7ehw.mongodb.net:27017, hosts=[cluster0-shard-00-01.k7ehw.mongodb.net:27017, cluster0-shard-00-02.k7ehw.mongodb.net:27017, cluster0-shard-00-00.k7ehw.mongodb.net:27017], passives=[], arbiters=[], primary='cluster0-shard-00-02.k7ehw.mongodb.net:27017', tagSet=TagSet{[Tag{name='availabilityZone', value='euw3-az3'}, Tag{name='diskState', value='READY'}, Tag{name='nodeType', value='ELECTABLE'}, Tag{name='provider', value='AWS'}, Tag{name='region', value='EU_WEST_3'}, Tag{name='workloadType', value='OPERATIONAL'}]}, electionId=7fffffff0000000000000027, setVersion=16, topologyVersion=TopologyVersion{processId=6765dc7784f821ce36e13bfa, counter=6}, lastWriteDate=Tue Jan 07 14:45:23 CET 2025, lastUpdateTimeNanos=10860567312200}
[cluster-ClusterId{value='677d2ff4e4620f5616073a6f', description='Cluster0'}-cluster0-shard-00-02.k7ehw.mongodb.net:27017] INFO org.mongodb.driver.cluster - Discovered replica set primary cluster0-shard-00-02.k7ehw.mongodb.net:27017 with max election id 7fffffff0000000000000027 and max set version 16
]]></system-err>
  </testcase>
</testsuite>